<?xml version="1.0" encoding="UTF-8"?>
<!-- Generated by org.testng.reporters.JUnitReportReporter -->
<testsuite hostname="DESKTOP-6NF3KOF" failures="0" tests="7" name="TestMaven.enabled" time="0.050" errors="0" timestamp="2026-01-06T19:58:19 GMT-08:00" skipped="1">
  <testcase classname="TestMaven.enabled" name="payment" time="0.003"/>
  <testcase classname="TestMaven.enabled" name="payment" time="0.007"/>
  <testcase classname="TestMaven.enabled" name="payment" time="0.008"/>
  <testcase classname="TestMaven.enabled" name="payment" time="0.005"/>
  <testcase classname="TestMaven.enabled" name="payment" time="0.006"/>
  <testcase classname="TestMaven.enabled" name="checkout" time="0.021"/>
  <testcase classname="TestMaven.enabled" name="additems">
    <skipped/>
  </testcase> <!-- additems -->
</testsuite> <!-- TestMaven.enabled -->
