<?xml version="1.0" encoding="UTF-8"?>
<!-- Generated by org.testng.reporters.JUnitReportReporter -->
<testsuite hostname="DESKTOP-6NF3KOF" failures="0" tests="5" name="TestMaven.threadpool" time="0.066" errors="0" timestamp="2026-01-06T20:15:09 GMT-08:00" skipped="1">
  <testcase classname="TestMaven.threadpool" name="searchProduct" time="0.014"/>
  <testcase classname="TestMaven.threadpool" name="searchProduct" time="0.004"/>
  <testcase classname="TestMaven.threadpool" name="searchProduct" time="0.024"/>
  <testcase classname="TestMaven.threadpool" name="searchProduct" time="0.024"/>
  <testcase classname="TestMaven.threadpool" name="orderStatus">
    <skipped/>
  </testcase> <!-- orderStatus -->
</testsuite> <!-- TestMaven.threadpool -->
