<?xml version="1.0" encoding="UTF-8"?>
<!-- Generated by org.testng.reporters.JUnitReportReporter -->
<testsuite hostname="DESKTOP-6NF3KOF" failures="0" tests="4" name="TestMaven.description" time="0.053" errors="0" timestamp="2026-01-07T19:18:08 GMT-08:00" skipped="0">
  <testcase classname="TestMaven.description" name="login" time="0.026"/>
  <testcase classname="TestMaven.description" name="filter" time="0.017"/>
  <testcase classname="TestMaven.description" name="search" time="0.005"/>
  <testcase classname="TestMaven.description" name="logout" time="0.005"/>
</testsuite> <!-- TestMaven.description -->
