<?xml version="1.0" encoding="UTF-8"?>
<!-- Generated by org.testng.reporters.JUnitReportReporter -->
<testsuite hostname="DESKTOP-6NF3KOF" failures="0" tests="3" name="TestMaven.priodepen" time="0.040" errors="0" timestamp="2026-01-06T12:29:56 GMT-08:00" skipped="0">
  <testcase classname="TestMaven.priodepen" name="login" time="0.024"/>
  <testcase classname="TestMaven.priodepen" name="homepage" time="0.007"/>
  <testcase classname="TestMaven.priodepen" name="logout" time="0.009"/>
</testsuite> <!-- TestMaven.priodepen -->
