<?xml version="1.0" encoding="UTF-8"?>
<!-- Generated by org.testng.reporters.JUnitReportReporter -->
<testsuite hostname="DESKTOP-6NF3KOF" failures="0" tests="6" name="TestMaven.invocation" time="0.048" errors="0" timestamp="2026-01-06T20:11:51 GMT-08:00" skipped="0">
  <testcase classname="TestMaven.invocation" name="checkout" time="0.004"/>
  <testcase classname="TestMaven.invocation" name="payment" time="0.006"/>
  <testcase classname="TestMaven.invocation" name="payment" time="0.005"/>
  <testcase classname="TestMaven.invocation" name="checkout" time="0.007"/>
  <testcase classname="TestMaven.invocation" name="checkout" time="0.004"/>
  <testcase classname="TestMaven.invocation" name="additems" time="0.022"/>
</testsuite> <!-- TestMaven.invocation -->
