<?xml version="1.0" encoding="UTF-8"?>
<!-- Generated by org.testng.reporters.JUnitReportReporter -->
<testsuite hostname="DESKTOP-6NF3KOF" failures="0" tests="3" name="TestMaven.dependson" time="0.036" errors="0" timestamp="2026-01-06T12:22:43 GMT-08:00" skipped="0">
  <testcase classname="TestMaven.dependson" name="homepage" time="0.003"/>
  <testcase classname="TestMaven.dependson" name="login" time="0.026"/>
  <testcase classname="TestMaven.dependson" name="logout" time="0.007"/>
</testsuite> <!-- TestMaven.dependson -->
