<?xml version="1.0" encoding="UTF-8"?>
<!-- Generated by org.testng.reporters.JUnitReportReporter -->
<testsuite hostname="DESKTOP-6NF3KOF" failures="0" tests="3" name="TestMaven.priority" time="3.057" errors="0" timestamp="2026-01-06T12:12:43 GMT-08:00" skipped="0">
  <testcase classname="TestMaven.priority" name="loginAccount" time="0.004"/>
  <testcase classname="TestMaven.priority" name="enterDetails" time="0.031"/>
  <testcase classname="TestMaven.priority" name="openBrowser" time="3.022"/>
</testsuite> <!-- TestMaven.priority -->
